# JRE version: Java(TM) SE Runtime Environment (8.0_101-b13) (build 1.8.0_101-b13)
# Java VM: Java HotSpot(TM) 64-Bit Server VM (25.101-b13 mixed mode windows-amd64 compressed oops)
Heap:
 PSYoungGen      total 167936K, used 128409K [0x00000000d6e00000, 0x00000000ee080000, 0x0000000100000000)
  eden space 61440K, 35% used [0x00000000d6e00000,0x00000000d8366600,0x00000000daa00000)
  from space 106496K, 100% used [0x00000000e3400000,0x00000000e9c00000,0x00000000e9c00000)
  to   space 141312K, 0% used [0x00000000daa00000,0x00000000daa00000,0x00000000e3400000)
 ParOldGen       total 483328K, used 389929K [0x0000000084a00000, 0x00000000a2200000, 0x00000000d6e00000)
  object space 483328K, 80% used [0x0000000084a00000,0x000000009c6ca5f8,0x00000000a2200000)
 Metaspace       used 24961K, capacity 26428K, committed 26496K, reserved 1073152K
  class space    used 3386K, capacity 3674K, committed 3712K, reserved 1048576K
GC Heap History (10 events):
Event: 53.930 GC heap before
{Heap before GC invocations=14 (full 3):
 PSYoungGen      total 143872K, used 123953K [0x00000000d6e00000, 0x00000000e6780000, 0x0000000100000000)
  eden space 57856K, 100% used [0x00000000d6e00000,0x00000000da680000,0x00000000da680000)
  from space 86016K, 76% used [0x00000000e0280000,0x00000000e430c558,0x00000000e5680000)
  to   space 94208K, 0% used [0x00000000da680000,0x00000000da680000,0x00000000e0280000)
 ParOldGen       total 292864K, used 160267K [0x0000000084a00000, 0x0000000096800000, 0x00000000d6e00000)
  object space 292864K, 54% used [0x0000000084a00000,0x000000008e682ec8,0x0000000096800000)
 Metaspace       used 24961K, capacity 26428K, committed 26496K, reserved 1073152K
  class space    used 3386K, capacity 3674K, committed 3712K, reserved 1048576K
Event: 54.462 GC heap after
Heap after GC invocations=14 (full 3):
 PSYoungGen      total 152064K, used 57952K [0x00000000d6e00000, 0x00000000e7780000, 0x0000000100000000)
  eden space 57856K, 0% used [0x00000000d6e00000,0x00000000d6e00000,0x00000000da680000)
  from space 94208K, 61% used [0x00000000da680000,0x00000000ddf18000,0x00000000e0280000)
  to   space 96768K, 0% used [0x00000000e1900000,0x00000000e1900000,0x00000000e7780000)
 ParOldGen       total 292864K, used 226803K [0x0000000084a00000, 0x0000000096800000, 0x00000000d6e00000)
  object space 292864K, 77% used [0x0000000084a00000,0x000000009277cec8,0x0000000096800000)
 Metaspace       used 24961K, capacity 26428K, committed 26496K, reserved 1073152K
  class space    used 3386K, capacity 3674K, committed 3712K, reserved 1048576K
}
Event: 56.767 GC heap before
{Heap before GC invocations=15 (full 3):
 PSYoungGen      total 152064K, used 115808K [0x00000000d6e00000, 0x00000000e7780000, 0x0000000100000000)
  eden space 57856K, 100% used [0x00000000d6e00000,0x00000000da680000,0x00000000da680000)
  from space 94208K, 61% used [0x00000000da680000,0x00000000ddf18000,0x00000000e0280000)
  to   space 96768K, 0% used [0x00000000e1900000,0x00000000e1900000,0x00000000e7780000)
 ParOldGen       total 292864K, used 226803K [0x0000000084a00000, 0x0000000096800000, 0x00000000d6e00000)
  object space 292864K, 77% used [0x0000000084a00000,0x000000009277cec8,0x0000000096800000)
 Metaspace       used 24961K, capacity 26428K, committed 26496K, reserved 1073152K
  class space    used 3386K, capacity 3674K, committed 3712K, reserved 1048576K
Event: 57.001 GC heap after
Heap after GC invocations=15 (full 3):
 PSYoungGen      total 173568K, used 57984K [0x00000000d6e00000, 0x00000000e7a80000, 0x0000000100000000)
  eden space 76800K, 0% used [0x00000000d6e00000,0x00000000d6e00000,0x00000000db900000)
  from space 96768K, 59% used [0x00000000e1900000,0x00000000e51a0000,0x00000000e7780000)
  to   space 98304K, 0% used [0x00000000db900000,0x00000000db900000,0x00000000e1900000)
 ParOldGen       total 292864K, used 284971K [0x0000000084a00000, 0x0000000096800000, 0x00000000d6e00000)
  object space 292864K, 97% used [0x0000000084a00000,0x000000009604aec8,0x0000000096800000)
 Metaspace       used 24961K, capacity 26428K, committed 26496K, reserved 1073152K
  class space    used 3386K, capacity 3674K, committed 3712K, reserved 1048576K
}
Event: 57.001 GC heap before
{Heap before GC invocations=16 (full 4):
 PSYoungGen      total 173568K, used 57984K [0x00000000d6e00000, 0x00000000e7a80000, 0x0000000100000000)
  eden space 76800K, 0% used [0x00000000d6e00000,0x00000000d6e00000,0x00000000db900000)
  from space 96768K, 59% used [0x00000000e1900000,0x00000000e51a0000,0x00000000e7780000)
  to   space 98304K, 0% used [0x00000000db900000,0x00000000db900000,0x00000000e1900000)
 ParOldGen       total 292864K, used 284971K [0x0000000084a00000, 0x0000000096800000, 0x00000000d6e00000)
  object space 292864K, 97% used [0x0000000084a00000,0x000000009604aec8,0x0000000096800000)
 Metaspace       used 24961K, capacity 26428K, committed 26496K, reserved 1073152K
  class space    used 3386K, capacity 3674K, committed 3712K, reserved 1048576K
Event: 58.952 GC heap after
Heap after GC invocations=16 (full 4):
 PSYoungGen      total 173568K, used 49162K [0x00000000d6e00000, 0x00000000e7a80000, 0x0000000100000000)
  eden space 76800K, 0% used [0x00000000d6e00000,0x00000000d6e00000,0x00000000db900000)
  from space 96768K, 50% used [0x00000000e1900000,0x00000000e4902858,0x00000000e7780000)
  to   space 98304K, 0% used [0x00000000db900000,0x00000000db900000,0x00000000e1900000)
 ParOldGen       total 483328K, used 292841K [0x0000000084a00000, 0x00000000a2200000, 0x00000000d6e00000)
  object space 483328K, 60% used [0x0000000084a00000,0x00000000967fa5f8,0x00000000a2200000)
 Metaspace       used 24961K, capacity 26428K, committed 26496K, reserved 1073152K
  class space    used 3386K, capacity 3674K, committed 3712K, reserved 1048576K
}
Event: 62.384 GC heap before
{Heap before GC invocations=17 (full 4):
 PSYoungGen      total 173568K, used 125962K [0x00000000d6e00000, 0x00000000e7a80000, 0x0000000100000000)
  eden space 76800K, 100% used [0x00000000d6e00000,0x00000000db900000,0x00000000db900000)
  from space 96768K, 50% used [0x00000000e1900000,0x00000000e4902858,0x00000000e7780000)
  to   space 98304K, 0% used [0x00000000db900000,0x00000000db900000,0x00000000e1900000)
 ParOldGen       total 483328K, used 292841K [0x0000000084a00000, 0x00000000a2200000, 0x00000000d6e00000)
  object space 483328K, 60% used [0x0000000084a00000,0x00000000967fa5f8,0x00000000a2200000)
 Metaspace       used 24961K, capacity 26428K, committed 26496K, reserved 1073152K
  class space    used 3386K, capacity 3674K, committed 3712K, reserved 1048576K
Event: 62.655 GC heap after
Heap after GC invocations=17 (full 4):
 PSYoungGen      total 175104K, used 76960K [0x00000000d6e00000, 0x00000000e9c00000, 0x0000000100000000)
  eden space 76800K, 0% used [0x00000000d6e00000,0x00000000d6e00000,0x00000000db900000)
  from space 98304K, 78% used [0x00000000db900000,0x00000000e0428000,0x00000000e1900000)
  to   space 106496K, 0% used [0x00000000e3400000,0x00000000e3400000,0x00000000e9c00000)
 ParOldGen       total 483328K, used 342337K [0x0000000084a00000, 0x00000000a2200000, 0x00000000d6e00000)
  object space 483328K, 70% used [0x0000000084a00000,0x00000000998505f8,0x00000000a2200000)
 Metaspace       used 24961K, capacity 26428K, committed 26496K, reserved 1073152K
  class space    used 3386K, capacity 3674K, committed 3712K, reserved 1048576K
}
Event: 66.235 GC heap before
{Heap before GC invocations=18 (full 4):
 PSYoungGen      total 175104K, used 153760K [0x00000000d6e00000, 0x00000000e9c00000, 0x0000000100000000)
  eden space 76800K, 100% used [0x00000000d6e00000,0x00000000db900000,0x00000000db900000)
  from space 98304K, 78% used [0x00000000db900000,0x00000000e0428000,0x00000000e1900000)
  to   space 106496K, 0% used [0x00000000e3400000,0x00000000e3400000,0x00000000e9c00000)
 ParOldGen       total 483328K, used 342337K [0x0000000084a00000, 0x00000000a2200000, 0x00000000d6e00000)
  object space 483328K, 70% used [0x0000000084a00000,0x00000000998505f8,0x00000000a2200000)
 Metaspace       used 24961K, capacity 26428K, committed 26496K, reserved 1073152K
  class space    used 3386K, capacity 3674K, committed 3712K, reserved 1048576K
Event: 66.587 GC heap after
Heap after GC invocations=18 (full 4):
 PSYoungGen      total 167936K, used 106496K [0x00000000d6e00000, 0x00000000ee080000, 0x0000000100000000)
  eden space 61440K, 0% used [0x00000000d6e00000,0x00000000d6e00000,0x00000000daa00000)
  from space 106496K, 100% used [0x00000000e3400000,0x00000000e9c00000,0x00000000e9c00000)
  to   space 141312K, 0% used [0x00000000daa00000,0x00000000daa00000,0x00000000e3400000)
 ParOldGen       total 483328K, used 389929K [0x0000000084a00000, 0x00000000a2200000, 0x00000000d6e00000)
  object space 483328K, 80% used [0x0000000084a00000,0x000000009c6ca5f8,0x00000000a2200000)
 Metaspace       used 24961K, capacity 26428K, committed 26496K, reserved 1073152K
  class space    used 3386K, capacity 3674K, committed 3712K, reserved 1048576K
}

